# JRE version: OpenJDK Runtime Environment (11.0.12+7) (build 11.0.12+7-b1504.28-7817840)
# Java VM: OpenJDK 64-Bit Server VM (11.0.12+7-b1504.28-7817840, mixed mode, tiered, compressed oops, g1 gc, windows-amd64)
Heap:
 garbage-first heap   total 217088K, used 62976K [0x0000000081600000, 0x0000000100000000)
  region size 1024K, 8 young (8192K), 8 survivors (8192K)
 Metaspace       used 77253K, capacity 78140K, committed 78364K, reserved 1118208K
  class space    used 8796K, capacity 9175K, committed 9244K, reserved 1048576K
GC Heap History (17 events):
Event: 0.461 GC heap before
{Heap before GC invocations=0 (full 0):
 garbage-first heap   total 131072K, used 17408K [0x0000000081600000, 0x0000000100000000)
  region size 1024K, 14 young (14336K), 0 survivors (0K)
 Metaspace       used 9753K, capacity 9842K, committed 10112K, reserved 1058816K
  class space    used 826K, capacity 853K, committed 896K, reserved 1048576K
}
Event: 0.464 GC heap after
{Heap after GC invocations=1 (full 0):
 garbage-first heap   total 131072K, used 5388K [0x0000000081600000, 0x0000000100000000)
  region size 1024K, 2 young (2048K), 2 survivors (2048K)
 Metaspace       used 9753K, capacity 9842K, committed 10112K, reserved 1058816K
  class space    used 826K, capacity 853K, committed 896K, reserved 1048576K
}
Event: 1.290 GC heap before
{Heap before GC invocations=1 (full 0):
 garbage-first heap   total 131072K, used 51468K [0x0000000081600000, 0x0000000100000000)
  region size 1024K, 48 young (49152K), 2 survivors (2048K)
 Metaspace       used 20952K, capacity 21203K, committed 21296K, reserved 1069056K
  class space    used 2225K, capacity 2305K, committed 2352K, reserved 1048576K
}
Event: 1.304 GC heap after
{Heap after GC invocations=2 (full 0):
 garbage-first heap   total 131072K, used 9891K [0x0000000081600000, 0x0000000100000000)
  region size 1024K, 7 young (7168K), 7 survivors (7168K)
 Metaspace       used 20952K, capacity 21203K, committed 21296K, reserved 1069056K
  class space    used 2225K, capacity 2305K, committed 2352K, reserved 1048576K
}
Event: 2.030 GC heap before
{Heap before GC invocations=3 (full 0):
 garbage-first heap   total 131072K, used 51875K [0x0000000081600000, 0x0000000100000000)
  region size 1024K, 45 young (46080K), 7 survivors (7168K)
 Metaspace       used 31402K, capacity 31826K, committed 31920K, reserved 1077248K
  class space    used 3788K, capacity 3995K, committed 4016K, reserved 1048576K
}
Event: 2.042 GC heap after
{Heap after GC invocations=4 (full 0):
 garbage-first heap   total 131072K, used 16465K [0x0000000081600000, 0x0000000100000000)
  region size 1024K, 4 young (4096K), 4 survivors (4096K)
 Metaspace       used 31402K, capacity 31826K, committed 31920K, reserved 1077248K
  class space    used 3788K, capacity 3995K, committed 4016K, reserved 1048576K
}
Event: 2.380 GC heap before
{Heap before GC invocations=4 (full 0):
 garbage-first heap   total 131072K, used 43089K [0x0000000081600000, 0x0000000100000000)
  region size 1024K, 29 young (29696K), 4 survivors (4096K)
 Metaspace       used 35396K, capacity 35868K, committed 35888K, reserved 1081344K
  class space    used 4434K, capacity 4637K, committed 4656K, reserved 1048576K
}
Event: 2.398 GC heap after
{Heap after GC invocations=5 (full 0):
 garbage-first heap   total 131072K, used 22385K [0x0000000081600000, 0x0000000100000000)
  region size 1024K, 8 young (8192K), 8 survivors (8192K)
 Metaspace       used 35396K, capacity 35868K, committed 35888K, reserved 1081344K
  class space    used 4434K, capacity 4637K, committed 4656K, reserved 1048576K
}
Event: 3.230 GC heap before
{Heap before GC invocations=6 (full 0):
 garbage-first heap   total 131072K, used 74609K [0x0000000081600000, 0x0000000100000000)
  region size 1024K, 59 young (60416K), 8 survivors (8192K)
 Metaspace       used 45726K, capacity 46266K, committed 46492K, reserved 1089536K
  class space    used 5493K, capacity 5708K, committed 5788K, reserved 1048576K
}
Event: 3.246 GC heap after
{Heap after GC invocations=7 (full 0):
 garbage-first heap   total 159744K, used 26129K [0x0000000081600000, 0x0000000100000000)
  region size 1024K, 6 young (6144K), 6 survivors (6144K)
 Metaspace       used 45726K, capacity 46266K, committed 46492K, reserved 1089536K
  class space    used 5493K, capacity 5708K, committed 5788K, reserved 1048576K
}
Event: 4.637 GC heap before
{Heap before GC invocations=7 (full 0):
 garbage-first heap   total 159744K, used 113169K [0x0000000081600000, 0x0000000100000000)
  region size 1024K, 88 young (90112K), 6 survivors (6144K)
 Metaspace       used 56878K, capacity 57603K, committed 57756K, reserved 1099776K
  class space    used 6708K, capacity 7008K, committed 7068K, reserved 1048576K
}
Event: 4.656 GC heap after
{Heap after GC invocations=8 (full 0):
 garbage-first heap   total 159744K, used 37578K [0x0000000081600000, 0x0000000100000000)
  region size 1024K, 11 young (11264K), 11 survivors (11264K)
 Metaspace       used 56878K, capacity 57603K, committed 57756K, reserved 1099776K
  class space    used 6708K, capacity 7008K, committed 7068K, reserved 1048576K
}
Event: 5.471 GC heap before
{Heap before GC invocations=8 (full 0):
 garbage-first heap   total 159744K, used 95946K [0x0000000081600000, 0x0000000100000000)
  region size 1024K, 69 young (70656K), 11 survivors (11264K)
 Metaspace       used 59557K, capacity 60244K, committed 60316K, reserved 1101824K
  class space    used 6966K, capacity 7272K, committed 7324K, reserved 1048576K
}
Event: 5.520 GC heap after
{Heap after GC invocations=9 (full 0):
 garbage-first heap   total 159744K, used 46080K [0x0000000081600000, 0x0000000100000000)
  region size 1024K, 8 young (8192K), 8 survivors (8192K)
 Metaspace       used 59557K, capacity 60244K, committed 60316K, reserved 1101824K
  class space    used 6966K, capacity 7272K, committed 7324K, reserved 1048576K
}
Event: 7.174 GC heap before
{Heap before GC invocations=10 (full 0):
 garbage-first heap   total 159744K, used 110592K [0x0000000081600000, 0x0000000100000000)
  region size 1024K, 71 young (72704K), 8 survivors (8192K)
 Metaspace       used 68420K, capacity 69283K, committed 69532K, reserved 1110016K
  class space    used 7863K, capacity 8225K, committed 8348K, reserved 1048576K
}
Event: 7.196 GC heap after
{Heap after GC invocations=11 (full 0):
 garbage-first heap   total 159744K, used 54784K [0x0000000081600000, 0x0000000100000000)
  region size 1024K, 9 young (9216K), 9 survivors (9216K)
 Metaspace       used 68420K, capacity 69283K, committed 69532K, reserved 1110016K
  class space    used 7863K, capacity 8225K, committed 8348K, reserved 1048576K
}
Event: 8.255 GC heap before
{Heap before GC invocations=12 (full 0):
 garbage-first heap   total 159744K, used 116224K [0x0000000081600000, 0x0000000100000000)
  region size 1024K, 69 young (70656K), 9 survivors (9216K)
 Metaspace       used 77253K, capacity 78140K, committed 78364K, reserved 1118208K
  class space    used 8796K, capacity 9175K, committed 9244K, reserved 1048576K
}

