# JRE version: OpenJDK Runtime Environment (11.0.12+7) (build 11.0.12+7-b1504.28-7817840)
# Java VM: OpenJDK 64-Bit Server VM (11.0.12+7-b1504.28-7817840, mixed mode, tiered, compressed oops, g1 gc, windows-amd64)
Heap:
 garbage-first heap   total 215040K, used 62976K [0x0000000081600000, 0x0000000100000000)
  region size 1024K, 7 young (7168K), 7 survivors (7168K)
 Metaspace       used 77638K, capacity 78485K, committed 78556K, reserved 1118208K
  class space    used 8826K, capacity 9207K, committed 9244K, reserved 1048576K
GC Heap History (17 events):
Event: 0.458 GC heap before
{Heap before GC invocations=0 (full 0):
 garbage-first heap   total 131072K, used 17408K [0x0000000081600000, 0x0000000100000000)
  region size 1024K, 14 young (14336K), 0 survivors (0K)
 Metaspace       used 9747K, capacity 9842K, committed 10112K, reserved 1058816K
  class space    used 826K, capacity 853K, committed 896K, reserved 1048576K
}
Event: 0.461 GC heap after
{Heap after GC invocations=1 (full 0):
 garbage-first heap   total 131072K, used 5377K [0x0000000081600000, 0x0000000100000000)
  region size 1024K, 2 young (2048K), 2 survivors (2048K)
 Metaspace       used 9747K, capacity 9842K, committed 10112K, reserved 1058816K
  class space    used 826K, capacity 853K, committed 896K, reserved 1048576K
}
Event: 1.292 GC heap before
{Heap before GC invocations=1 (full 0):
 garbage-first heap   total 131072K, used 52481K [0x0000000081600000, 0x0000000100000000)
  region size 1024K, 49 young (50176K), 2 survivors (2048K)
 Metaspace       used 20963K, capacity 21203K, committed 21296K, reserved 1069056K
  class space    used 2225K, capacity 2305K, committed 2352K, reserved 1048576K
}
Event: 1.307 GC heap after
{Heap after GC invocations=2 (full 0):
 garbage-first heap   total 131072K, used 9882K [0x0000000081600000, 0x0000000100000000)
  region size 1024K, 7 young (7168K), 7 survivors (7168K)
 Metaspace       used 20963K, capacity 21203K, committed 21296K, reserved 1069056K
  class space    used 2225K, capacity 2305K, committed 2352K, reserved 1048576K
}
Event: 2.066 GC heap before
{Heap before GC invocations=3 (full 0):
 garbage-first heap   total 131072K, used 53914K [0x0000000081600000, 0x0000000100000000)
  region size 1024K, 47 young (48128K), 7 survivors (7168K)
 Metaspace       used 31448K, capacity 31954K, committed 32176K, reserved 1077248K
  class space    used 3788K, capacity 3995K, committed 4016K, reserved 1048576K
}
Event: 2.078 GC heap after
{Heap after GC invocations=4 (full 0):
 garbage-first heap   total 131072K, used 17441K [0x0000000081600000, 0x0000000100000000)
  region size 1024K, 5 young (5120K), 5 survivors (5120K)
 Metaspace       used 31448K, capacity 31954K, committed 32176K, reserved 1077248K
  class space    used 3788K, capacity 3995K, committed 4016K, reserved 1048576K
}
Event: 2.394 GC heap before
{Heap before GC invocations=4 (full 0):
 garbage-first heap   total 131072K, used 42017K [0x0000000081600000, 0x0000000100000000)
  region size 1024K, 28 young (28672K), 5 survivors (5120K)
 Metaspace       used 35396K, capacity 35868K, committed 35888K, reserved 1081344K
  class space    used 4433K, capacity 4637K, committed 4656K, reserved 1048576K
}
Event: 2.411 GC heap after
{Heap after GC invocations=5 (full 0):
 garbage-first heap   total 131072K, used 22749K [0x0000000081600000, 0x0000000100000000)
  region size 1024K, 8 young (8192K), 8 survivors (8192K)
 Metaspace       used 35396K, capacity 35868K, committed 35888K, reserved 1081344K
  class space    used 4433K, capacity 4637K, committed 4656K, reserved 1048576K
}
Event: 3.292 GC heap before
{Heap before GC invocations=6 (full 0):
 garbage-first heap   total 131072K, used 77021K [0x0000000081600000, 0x0000000100000000)
  region size 1024K, 61 young (62464K), 8 survivors (8192K)
 Metaspace       used 46231K, capacity 46762K, committed 47004K, reserved 1091584K
  class space    used 5532K, capacity 5748K, committed 5788K, reserved 1048576K
}
Event: 3.321 GC heap after
{Heap after GC invocations=7 (full 0):
 garbage-first heap   total 161792K, used 25798K [0x0000000081600000, 0x0000000100000000)
  region size 1024K, 8 young (8192K), 8 survivors (8192K)
 Metaspace       used 46231K, capacity 46762K, committed 47004K, reserved 1091584K
  class space    used 5532K, capacity 5748K, committed 5788K, reserved 1048576K
}
Event: 4.471 GC heap before
{Heap before GC invocations=8 (full 0):
 garbage-first heap   total 161792K, used 102598K [0x0000000081600000, 0x0000000100000000)
  region size 1024K, 80 young (81920K), 8 survivors (8192K)
 Metaspace       used 56046K, capacity 56733K, committed 56988K, reserved 1099776K
  class space    used 6673K, capacity 6974K, committed 7068K, reserved 1048576K
}
Event: 4.489 GC heap after
{Heap after GC invocations=9 (full 0):
 garbage-first heap   total 161792K, used 36283K [0x0000000081600000, 0x0000000100000000)
  region size 1024K, 10 young (10240K), 10 survivors (10240K)
 Metaspace       used 56046K, capacity 56733K, committed 56988K, reserved 1099776K
  class space    used 6673K, capacity 6974K, committed 7068K, reserved 1048576K
}
Event: 5.767 GC heap before
{Heap before GC invocations=9 (full 0):
 garbage-first heap   total 161792K, used 111035K [0x0000000081600000, 0x0000000100000000)
  region size 1024K, 83 young (84992K), 10 survivors (10240K)
 Metaspace       used 61619K, capacity 62474K, committed 62748K, reserved 1103872K
  class space    used 7254K, capacity 7611K, committed 7708K, reserved 1048576K
}
Event: 5.794 GC heap after
{Heap after GC invocations=10 (full 0):
 garbage-first heap   total 161792K, used 47104K [0x0000000081600000, 0x0000000100000000)
  region size 1024K, 10 young (10240K), 10 survivors (10240K)
 Metaspace       used 61619K, capacity 62474K, committed 62748K, reserved 1103872K
  class space    used 7254K, capacity 7611K, committed 7708K, reserved 1048576K
}
Event: 7.458 GC heap before
{Heap before GC invocations=10 (full 0):
 garbage-first heap   total 161792K, used 117760K [0x0000000081600000, 0x0000000100000000)
  region size 1024K, 79 young (80896K), 10 survivors (10240K)
 Metaspace       used 70305K, capacity 71209K, committed 71452K, reserved 1112064K
  class space    used 8023K, capacity 8403K, committed 8476K, reserved 1048576K
}
Event: 7.483 GC heap after
{Heap after GC invocations=11 (full 0):
 garbage-first heap   total 161792K, used 56320K [0x0000000081600000, 0x0000000100000000)
  region size 1024K, 10 young (10240K), 10 survivors (10240K)
 Metaspace       used 70305K, capacity 71209K, committed 71452K, reserved 1112064K
  class space    used 8023K, capacity 8403K, committed 8476K, reserved 1048576K
}
Event: 8.261 GC heap before
{Heap before GC invocations=11 (full 0):
 garbage-first heap   total 161792K, used 106496K [0x0000000081600000, 0x0000000100000000)
  region size 1024K, 60 young (61440K), 10 survivors (10240K)
 Metaspace       used 77638K, capacity 78485K, committed 78556K, reserved 1118208K
  class space    used 8826K, capacity 9207K, committed 9244K, reserved 1048576K
}

